-outxml
-source
1.6
-target
1.6
-classpath
C:\Users\sprogerb\.m2\repository\aopalliance\aopalliance\1.0\aopalliance-1.0.jar;C:\Users\sprogerb\.m2\repository\asm\asm\3.1\asm-3.1.jar;C:\Users\sprogerb\.m2\repository\cglib\cglib\2.2\cglib-2.2.jar;C:\Users\sprogerb\.m2\repository\com\google\guava\guava\r08\guava-r08.jar;C:\Users\sprogerb\.m2\repository\com\ibm\icu\icu4j\4.0.1\icu4j-4.0.1.jar;C:\Users\sprogerb\.m2\repository\com\thoughtworks\xstream\xstream\1.2.2\xstream-1.2.2.jar;C:\Users\sprogerb\.m2\repository\commons-beanutils\commons-beanutils\1.8.0\commons-beanutils-1.8.0.jar;C:\Users\sprogerb\.m2\repository\commons-codec\commons-codec\1.3\commons-codec-1.3.jar;C:\Users\sprogerb\.m2\repository\commons-digester\commons-digester\1.8.1\commons-digester-1.8.1.jar;C:\Users\sprogerb\.m2\repository\commons-io\commons-io\2.0.1\commons-io-2.0.1.jar;C:\Users\sprogerb\.m2\repository\commons-lang\commons-lang\2.2\commons-lang-2.2.jar;C:\Users\sprogerb\.m2\repository\commons-logging\commons-logging\1.0.3\commons-logging-1.0.3.jar;C:\Users\sprogerb\.m2\repository\commons-logging\commons-logging-api\1.1\commons-logging-api-1.1.jar;C:\Users\sprogerb\.m2\repository\commons-net\commons-net\2.0\commons-net-2.0.jar;C:\Users\sprogerb\.m2\repository\edu\harvard\hul\ois\jhove\1.6\jhove-1.6.jar;C:\Users\sprogerb\.m2\repository\edu\harvard\hul\ois\jhove-handler\1.6\jhove-handler-1.6.jar;C:\Users\sprogerb\.m2\repository\edu\harvard\hul\ois\jhove-module\1.6\jhove-module-1.6.jar;C:\Users\sprogerb\.m2\repository\im4java\im4java\1.1.0\im4java-1.1.0.jar;C:\Users\sprogerb\.m2\repository\javax\inject\javax.inject\1\javax.inject-1.jar;C:\Users\sprogerb\.m2\repository\javax\servlet\jstl\1.2\jstl-1.2.jar;C:\Users\sprogerb\.m2\repository\javax\servlet\servlet-api\2.5\servlet-api-2.5.jar;C:\Users\sprogerb\.m2\repository\javax\servlet\jsp\jsp-api\2.1\jsp-api-2.1.jar;C:\Users\sprogerb\.m2\repository\net\sf\mets-api\mets-api\1.3\mets-api-1.3.jar;C:\Users\sprogerb\.m2\repository\org\apache\activemq\activeio-core\3.1.2\activeio-core-3.1.2.jar;C:\Users\sprogerb\.m2\repository\org\apache\activemq\activemq-core\5.4.2\activemq-core-5.4.2.jar;C:\Users\sprogerb\.m2\repository\org\apache\activemq\kahadb\5.4.2\kahadb-5.4.2.jar;C:\Users\sprogerb\.m2\repository\org\apache\activemq\protobuf\activemq-protobuf\1.1\activemq-protobuf-1.1.jar;C:\Users\sprogerb\.m2\repository\org\apache\geronimo\specs\geronimo-j2ee-management_1.1_spec\1.0.1\geronimo-j2ee-management_1.1_spec-1.0.1.jar;C:\Users\sprogerb\.m2\repository\org\apache\geronimo\specs\geronimo-jms_1.1_spec\1.1.1\geronimo-jms_1.1_spec-1.1.1.jar;C:\Users\sprogerb\.m2\repository\org\apache\tika\tika-core\0.9\tika-core-0.9.jar;C:\Users\sprogerb\.m2\repository\org\apache\tiles\tiles-api\2.1.2\tiles-api-2.1.2.jar;C:\Users\sprogerb\.m2\repository\org\apache\tiles\tiles-core\2.1.2\tiles-core-2.1.2.jar;C:\Users\sprogerb\.m2\repository\org\apache\tiles\tiles-jsp\2.1.2\tiles-jsp-2.1.2.jar;C:\Users\sprogerb\.m2\repository\org\apache\tiles\tiles-servlet\2.1.2\tiles-servlet-2.1.2.jar;C:\Users\sprogerb\.m2\repository\org\apache\xbean\xbean-spring\3.5\xbean-spring-3.5.jar;C:\Users\sprogerb\.m2\repository\org\aspectj\aspectjrt\1.6.9\aspectjrt-1.6.9.jar;C:\Users\sprogerb\.m2\repository\org\aspectj\aspectjweaver\1.6.8\aspectjweaver-1.6.8.jar;C:\Users\sprogerb\.m2\repository\org\codehaus\jackson\jackson-core-asl\1.5.3\jackson-core-asl-1.5.3.jar;C:\Users\sprogerb\.m2\repository\org\codehaus\jackson\jackson-mapper-asl\1.5.3\jackson-mapper-asl-1.5.3.jar;C:\Users\sprogerb\.m2\repository\org\jasypt\jasypt\1.6\jasypt-1.6.jar;C:\Users\sprogerb\.m2\repository\org\jdom\jdom\1.1\jdom-1.1.jar;C:\Users\sprogerb\.m2\repository\org\osgi\org.osgi.core\4.1.0\org.osgi.core-4.1.0.jar;C:\Users\sprogerb\.m2\repository\org\slf4j\slf4j-api\1.5.10\slf4j-api-1.5.10.jar;C:\Users\sprogerb\.m2\repository\org\springframework\spring-aop\3.0.4.RELEASE\spring-aop-3.0.4.RELEASE.jar;C:\Users\sprogerb\.m2\repository\org\springframework\spring-asm\3.0.4.RELEASE\spring-asm-3.0.4.RELEASE.jar;C:\Users\sprogerb\.m2\repository\org\springframework\spring-beans\3.0.4.RELEASE\spring-beans-3.0.4.RELEASE.jar;C:\Users\sprogerb\.m2\repository\org\springframework\spring-context\3.0.4.RELEASE\spring-context-3.0.4.RELEASE.jar;C:\Users\sprogerb\.m2\repository\org\springframework\spring-context-support\3.0.4.RELEASE\spring-context-support-3.0.4.RELEASE.jar;C:\Users\sprogerb\.m2\repository\org\springframework\spring-core\3.0.4.RELEASE\spring-core-3.0.4.RELEASE.jar;C:\Users\sprogerb\.m2\repository\org\springframework\spring-expression\3.0.4.RELEASE\spring-expression-3.0.4.RELEASE.jar;C:\Users\sprogerb\.m2\repository\org\springframework\spring-jms\3.0.5.RELEASE\spring-jms-3.0.5.RELEASE.jar;C:\Users\sprogerb\.m2\repository\org\springframework\spring-tx\3.0.3.RELEASE\spring-tx-3.0.3.RELEASE.jar;C:\Users\sprogerb\.m2\repository\org\springframework\spring-web\3.0.4.RELEASE\spring-web-3.0.4.RELEASE.jar;C:\Users\sprogerb\.m2\repository\org\springframework\spring-webmvc\3.0.4.RELEASE\spring-webmvc-3.0.4.RELEASE.jar;C:\Users\sprogerb\.m2\repository\org\springframework\integration\spring-integration-core\2.0.0.RELEASE\spring-integration-core-2.0.0.RELEASE.jar;C:\Users\sprogerb\.m2\repository\org\springframework\integration\spring-integration-http\2.0.0.RELEASE\spring-integration-http-2.0.0.RELEASE.jar;C:\Users\sprogerb\.m2\repository\org\springframework\integration\spring-integration-jms\2.0.0.RELEASE\spring-integration-jms-2.0.0.RELEASE.jar;C:\Users\sprogerb\.m2\repository\org\springframework\integration\spring-integration-stream\2.0.0.RELEASE\spring-integration-stream-2.0.0.RELEASE.jar;C:\Users\sprogerb\.m2\repository\org\springframework\roo\org.springframework.roo.annotations\1.0.2.RELEASE\org.springframework.roo.annotations-1.0.2.RELEASE.jar;C:\Users\sprogerb\.m2\repository\org\springframework\security\spring-security-config\3.0.5.RELEASE\spring-security-config-3.0.5.RELEASE.jar;C:\Users\sprogerb\.m2\repository\org\springframework\security\spring-security-core\3.0.5.RELEASE\spring-security-core-3.0.5.RELEASE.jar;C:\Users\sprogerb\.m2\repository\org\springframework\security\spring-security-web\3.0.5.RELEASE\spring-security-web-3.0.5.RELEASE.jar;C:\Users\sprogerb\.m2\repository\sax\sax\2.0.1\sax-2.0.1.jar;C:\Users\sprogerb\.m2\repository\xpp3\xpp3_min\1.1.3.4.O\xpp3_min-1.1.3.4.O.jar;C:\SourceCode\workspace-sts-2.5.1.RELEASE\PreIngest\target\classes
-d
C:\SourceCode\workspace-sts-2.5.1.RELEASE\PreIngest\target\classes
C:\SourceCode\workspace-sts-2.5.1.RELEASE\PreIngest\src\main\java\at\co\ait\domain\oais\DigitalObject.java
C:\SourceCode\workspace-sts-2.5.1.RELEASE\PreIngest\src\main\java\at\co\ait\domain\oais\Payload.java
C:\SourceCode\workspace-sts-2.5.1.RELEASE\PreIngest\src\main\java\at\co\ait\domain\oais\GenericObject.java
C:\SourceCode\workspace-sts-2.5.1.RELEASE\PreIngest\src\main\java\at\co\ait\web\SubmittedFilesController.java
C:\SourceCode\workspace-sts-2.5.1.RELEASE\PreIngest\src\main\java\at\co\ait\domain\integration\IReqDescrMappingGateway.java
C:\SourceCode\workspace-sts-2.5.1.RELEASE\PreIngest\src\main\java\at\co\ait\domain\services\DigitalObjectTypeExtractor.java
C:\SourceCode\workspace-sts-2.5.1.RELEASE\PreIngest\src\main\java\at\co\ait\domain\integration\IReqNoidGateway.java
C:\SourceCode\workspace-sts-2.5.1.RELEASE\PreIngest\src\main\java\at\co\ait\web\common\UserService.java
C:\SourceCode\workspace-sts-2.5.1.RELEASE\PreIngest\src\main\java\at\co\ait\domain\services\ConvertImageService.java
C:\SourceCode\workspace-sts-2.5.1.RELEASE\PreIngest\src\main\java\at\co\ait\domain\integration\IPrepDigObjGateway.java
C:\SourceCode\workspace-sts-2.5.1.RELEASE\PreIngest\src\main\java\at\co\ait\web\HomeController.java
C:\SourceCode\workspace-sts-2.5.1.RELEASE\PreIngest\src\main\java\at\co\ait\domain\services\PackageDeliveryService.java
C:\SourceCode\workspace-sts-2.5.1.RELEASE\PreIngest\src\main\java\at\co\ait\domain\services\DescrMetadataMapService.java
C:\SourceCode\workspace-sts-2.5.1.RELEASE\PreIngest\src\main\java\at\co\ait\web\FileBrowser.java
C:\SourceCode\workspace-sts-2.5.1.RELEASE\PreIngest\src\main\java\at\co\ait\domain\services\TechMetadataExtractionService.java
C:\SourceCode\workspace-sts-2.5.1.RELEASE\PreIngest\src\main\java\at\co\ait\domain\services\MetsMarshallerService.java
C:\SourceCode\workspace-sts-2.5.1.RELEASE\PreIngest\src\main\java\at\co\ait\domain\DirectoryListing.java
C:\SourceCode\workspace-sts-2.5.1.RELEASE\PreIngest\src\main\java\at\co\ait\domain\oais\IGenericObject.java
C:\SourceCode\workspace-sts-2.5.1.RELEASE\PreIngest\src\main\java\at\co\ait\domain\oais\Metadata.java
C:\SourceCode\workspace-sts-2.5.1.RELEASE\PreIngest\src\main\java\at\co\ait\domain\oais\DigitalObjectType.java
C:\SourceCode\workspace-sts-2.5.1.RELEASE\PreIngest\src\main\java\at\co\ait\domain\integration\IPrepInfPkgGateway.java
C:\SourceCode\workspace-sts-2.5.1.RELEASE\PreIngest\src\main\java\at\co\ait\domain\integration\IReqVirusscanGateway.java
C:\SourceCode\workspace-sts-2.5.1.RELEASE\PreIngest\src\main\java\at\co\ait\domain\oais\InformationPackageObject.java
